[0124/103546.532:ERROR:process_info.cc(359)] UncheckedAllocate
[0124/103546.643:ERROR:process_info.cc(359)] UncheckedAllocate
[0124/103546.686:ERROR:process_info.cc(359)] UncheckedAllocate
[0124/103549.869:ERROR:process_info.cc(359)] UncheckedAllocate
[0125/163434.283:ERROR:prune_crash_reports.cc(35)] PruneCrashReportDatabase: Failed to get pending reports
[0125/165917.531:ERROR:prune_crash_reports.cc(35)] PruneCrashReportDatabase: Failed to get pending reports
[0125/172420.381:ERROR:prune_crash_reports.cc(35)] PruneCrashReportDatabase: Failed to get pending reports
[0125/175120.331:ERROR:prune_crash_reports.cc(35)] PruneCrashReportDatabase: Failed to get pending reports
[0125/181049.717:ERROR:prune_crash_reports.cc(35)] PruneCrashReportDatabase: Failed to get pending reports
[0126/130158.642:ERROR:prune_crash_reports.cc(35)] PruneCrashReportDatabase: Failed to get pending reports
[0126/130455.456:ERROR:prune_crash_reports.cc(35)] PruneCrashReportDatabase: Failed to get pending reports
[0126/144318.513:ERROR:prune_crash_reports.cc(35)] PruneCrashReportDatabase: Failed to get pending reports
[0126/151506.471:ERROR:prune_crash_reports.cc(35)] PruneCrashReportDatabase: Failed to get pending reports
[0126/190012.527:ERROR:prune_crash_reports.cc(35)] PruneCrashReportDatabase: Failed to get pending reports
[0127/095303.141:ERROR:prune_crash_reports.cc(35)] PruneCrashReportDatabase: Failed to get pending reports
[0127/121522.752:ERROR:prune_crash_reports.cc(35)] PruneCrashReportDatabase: Failed to get pending reports
[0127/122414.201:ERROR:prune_crash_reports.cc(35)] PruneCrashReportDatabase: Failed to get pending reports
[0127/122715.698:ERROR:prune_crash_reports.cc(35)] PruneCrashReportDatabase: Failed to get pending reports
[0127/142738.533:ERROR:prune_crash_reports.cc(35)] PruneCrashReportDatabase: Failed to get pending reports
[0127/224709.209:ERROR:prune_crash_reports.cc(35)] PruneCrashReportDatabase: Failed to get pending reports
[0128/091439.535:ERROR:prune_crash_reports.cc(35)] PruneCrashReportDatabase: Failed to get pending reports
[0128/091832.780:ERROR:prune_crash_reports.cc(35)] PruneCrashReportDatabase: Failed to get pending reports
[0128/104536.294:ERROR:file_io_win.cc(161)] CreateFile C:\Users\priti\AppData\Local\Temp\scoped_dir4704_1105213411\Crashpad\settings.dat: The system cannot find the path specified. (0x3)
[0128/104536.296:ERROR:file_io_win.cc(170)] CreateFile C:\Users\priti\AppData\Local\Temp\scoped_dir4704_1105213411\Crashpad\reports\7e4c67ac-314e-4dd4-b82a-bcfd8a6ccfe5.dmp: The system cannot find the path specified. (0x3)
[0128/104536.296:ERROR:crash_report_exception_handler.cc(97)] PrepareNewCrashReport failed
[0128/152323.278:ERROR:prune_crash_reports.cc(35)] PruneCrashReportDatabase: Failed to get pending reports
[0128/213417.908:ERROR:prune_crash_reports.cc(35)] PruneCrashReportDatabase: Failed to get pending reports
[0129/100653.398:ERROR:process_reader_win.cc(151)] SuspendThread: Access is denied. (0x5)
[0129/143758.129:ERROR:prune_crash_reports.cc(35)] PruneCrashReportDatabase: Failed to get pending reports
[0129/202619.067:ERROR:prune_crash_reports.cc(35)] PruneCrashReportDatabase: Failed to get pending reports
[0129/202915.973:ERROR:prune_crash_reports.cc(35)] PruneCrashReportDatabase: Failed to get pending reports
[0129/212537.151:ERROR:prune_crash_reports.cc(35)] PruneCrashReportDatabase: Failed to get pending reports
[0129/215558.902:ERROR:prune_crash_reports.cc(35)] PruneCrashReportDatabase: Failed to get pending reports
[0131/130246.514:ERROR:filesystem_win.cc(148)] DeleteFile C:\Users\-SYSOP~1\AppData\Local\Temp\scoped_dir16820_783109443\Crashpad\reports\9010b1c4-d1fc-4dcf-8f09-b2929cdeb948.dmp: The process cannot access the file because it is being used by another process. (0x20)
[0202/180017.620:ERROR:filesystem_win.cc(148)] DeleteFile C:\Users\-SYSOP~1\AppData\Local\Temp\scoped_dir19344_1796358090\Crashpad\reports\1482db2b-4461-4350-9ef2-3fc3f1efe0ae.dmp: The process cannot access the file because it is being used by another process. (0x20)
[0204/103714.518:ERROR:process_info.cc(359)] UncheckedAllocate
[0204/103714.665:ERROR:process_info.cc(359)] UncheckedAllocate
[0204/103854.719:ERROR:process_info.cc(359)] UncheckedAllocate
[0206/003737.019:ERROR:filesystem_win.cc(148)] DeleteFile C:\Users\-SYSOP~1\AppData\Local\Temp\scoped_dir12260_1092305068\Crashpad\reports\8e94dfa3-22d6-4fe9-882c-3a02e9fb3b4e.dmp: The process cannot access the file because it is being used by another process. (0x20)
[0206/054111.651:ERROR:process_info.cc(359)] UncheckedAllocate
[0206/151705.340:ERROR:process_info.cc(359)] UncheckedAllocate
[0206/152758.424:ERROR:process_info.cc(359)] UncheckedAllocate
[0207/114550.813:ERROR:filesystem_win.cc(148)] DeleteFile C:\Users\-SYSOP~1\AppData\Local\Temp\scoped_dir4236_153830296\Crashpad\reports\5edd33db-3cf2-4c3a-acea-5dc67891d986.dmp: The process cannot access the file because it is being used by another process. (0x20)
