#
# There is insufficient memory for the Java Runtime Environment to continue.
# Native memory allocation (malloc) failed to allocate 2029120 bytes for Chunk::new
# Possible reasons:
#   The system is out of physical RAM or swap space
#   The process is running with CompressedOops enabled, and the Java Heap may be blocking the growth of the native heap
# Possible solutions:
#   Reduce memory load on the system
#   Increase physical memory or swap space
#   Check if swap backing store is full
#   Decrease Java heap size (-Xmx/-Xms)
#   Decrease number of Java threads
#   Decrease Java thread stack sizes (-Xss)
#   Set larger code cache with -XX:ReservedCodeCacheSize=
#   JVM is running with Zero Based Compressed Oops mode in which the Java heap is
#     placed in the first 32GB address space. The Java Heap base address is the
#     maximum limit for the native heap growth. Please use -XX:HeapBaseMinAddress
#     to set the Java Heap base and to place the Java Heap above 32GB virtual address.
# This output file may be truncated or incomplete.
#
#  Out of Memory Error (allocation.cpp:389), pid=14500, tid=0x0000000000001710
#
# JRE version: Java(TM) SE Runtime Environment (8.0_231-b11) (build 1.8.0_231-b11)
# Java VM: Java HotSpot(TM) 64-Bit Server VM (25.231-b11 mixed mode windows-amd64 compressed oops)
# Failed to write core dump. Minidumps are not enabled by default on client versions of Windows
#

---------------  T H R E A D  ---------------

Current thread (0x000000001b779000):  JavaThread "C2 CompilerThread0" daemon [_thread_in_native, id=5904, stack(0x000000001cdd0000,0x000000001ced0000)]

Stack: [0x000000001cdd0000,0x000000001ced0000]
[error occurred during error reporting (printing stack bounds), id 0xc0000005]

Native frames: (J=compiled Java code, j=interpreted, Vv=VM code, C=native code)


Current CompileTask:
C2:  13128 2128       4       java.net.URLClassLoader$1::run (5 bytes)


---------------  P R O C E S S  ---------------

Java Threads: ( => current thread )
  0x000000001d304800 JavaThread "Okio Watchdog" daemon [_thread_blocked, id=10452, stack(0x00000000216b0000,0x00000000217b0000)]
  0x000000001ded9800 JavaThread "OkHttp ConnectionPool" daemon [_thread_blocked, id=7364, stack(0x00000000215b0000,0x00000000216b0000)]
  0x000000001d326000 JavaThread "Keep-Alive-Timer" daemon [_thread_blocked, id=15088, stack(0x00000000212b0000,0x00000000213b0000)]
  0x000000001dfdf800 JavaThread "Exec Stream Pumper" daemon [_thread_in_native, id=18708, stack(0x0000000020fb0000,0x00000000210b0000)]
  0x000000001dfde800 JavaThread "Exec Stream Pumper" daemon [_thread_in_native, id=2888, stack(0x0000000020eb0000,0x0000000020fb0000)]
  0x000000001dfe1000 JavaThread "UrlChecker-2" daemon [_thread_blocked, id=11340, stack(0x0000000020db0000,0x0000000020eb0000)]
  0x000000001edf5000 JavaThread "Exec Default Executor" daemon [_thread_in_native, id=14872, stack(0x0000000020cb0000,0x0000000020db0000)]
  0x000000001dd84800 JavaThread "TestNG-tests-1" [_thread_in_vm, id=9896, stack(0x000000001f3e0000,0x000000001f4e0000)]
  0x000000001dd5b800 JavaThread "ReaderThread" [_thread_in_native, id=8472, stack(0x000000001f2e0000,0x000000001f3e0000)]
  0x000000001d0f8800 JavaThread "Service Thread" daemon [_thread_blocked, id=1156, stack(0x000000001d4d0000,0x000000001d5d0000)]
  0x000000001b784800 JavaThread "C1 CompilerThread2" daemon [_thread_blocked, id=5592, stack(0x000000001cfd0000,0x000000001d0d0000)]
  0x000000001b780800 JavaThread "C2 CompilerThread1" daemon [_thread_blocked, id=7684, stack(0x000000001ced0000,0x000000001cfd0000)]
=>0x000000001b779000 JavaThread "C2 CompilerThread0" daemon [_thread_in_native, id=5904, stack(0x000000001cdd0000,0x000000001ced0000)]
  0x000000001b777000 JavaThread "Attach Listener" daemon [_thread_blocked, id=13356, stack(0x000000001ccd0000,0x000000001cdd0000)]
  0x000000001b776000 JavaThread "Signal Dispatcher" daemon [_thread_blocked, id=14904, stack(0x000000001cbd0000,0x000000001ccd0000)]
  0x000000000334d800 JavaThread "Finalizer" daemon [_thread_blocked, id=3280, stack(0x000000001c9d0000,0x000000001cad0000)]
  0x0000000003348000 JavaThread "Reference Handler" daemon [_thread_blocked, id=9924, stack(0x000000001c8d0000,0x000000001c9d0000)]
  0x0000000003258800 JavaThread "main" [_thread_blocked, id=5500, stack(0x0000000003150000,0x0000000003250000)]

Other Threads:
  0x000000001b737800 VMThread [stack: 0x000000001c7d0000,0x000000001c8d0000] [id=17676]
  0x000000001d12f000 WatcherThread [stack: 0x000000001d5d0000,0x000000001d6d0000] [id=14760]

VM state:not at safepoint (normal execution)

VM Mutex/Monitor currently owned by a thread: None

heap address: 0x00000006e0000000, size: 3584 MB, Compressed Oops mode: Zero based, Oop shift amount: 3
Narrow klass base: 0x0000000000000000, Narrow klass shift: 3
Compressed class space size: 1073741824 Address: 0x00000007c0000000

Heap:
 PSYoungGen      total 67072K, used 52679K [0x0000000775580000, 0x000000077d880000, 0x00000007c0000000)
  eden space 57856K, 91% used [0x0000000775580000,0x00000007788f1f10,0x0000000778e00000)
  from space 9216K, 0% used [0x0000000778e00000,0x0000000778e00000,0x0000000779700000)
  to   space 9216K, 0% used [0x000000077cf80000,0x000000077cf80000,0x000000077d880000)
 ParOldGen       total 70144K, used 6252K [0x00000006e0000000, 0x00000006e4480000, 0x0000000775580000)
  object space 70144K, 8% used [0x00000006e0000000,0x00000006e061b1e8,0x00000006e4480000)
 Metaspace       used 24641K, capacity 25620K, committed 25728K, reserved 1071104K
  class space    used 3407K, capacity 3658K, committed 3712K, reserved 1048576K

Card table byte_map: [0x0000000012710000,0x0000000012e20000] byte_map_base: 0x000000000f010000

Marking Bits: (ParMarkBitMap*) 0x000000005e976d90
 Begin Bits: [0x00000000136d0000, 0x0000000016ed0000)
 End Bits:   [0x0000000016ed0000, 0x000000001a6d0000)

Polling page: 0x0000000002ec0000

CodeCache: size=245760Kb used=7939Kb max_used=7939Kb free=237820Kb
 bounds [0x0000000003350000, 0x0000000003b20000, 0x0000000012350000]
 total_blobs=2741 nmethods=2292 adapters=362
 compilation: enabled

Compilation events (10 events):
Event: 13.116 Thread 0x000000001b784800 2437       3       java.util.Formatter$FormatSpecifier::checkBadFlags (39 bytes)
Event: 13.116 Thread 0x000000001b784800 nmethod 2437 0x0000000003b00750 code [0x0000000003b00900, 0x0000000003b00d98]
Event: 13.116 Thread 0x000000001b784800 2438       3       java.util.Formatter$FixedString::<init> (15 bytes)
Event: 13.116 Thread 0x000000001b784800 nmethod 2438 0x0000000003b04690 code [0x0000000003b047e0, 0x0000000003b049d0]
Event: 13.116 Thread 0x000000001b784800 2439       3       java.util.Formatter$FixedString::print (18 bytes)
Event: 13.116 Thread 0x000000001b784800 nmethod 2439 0x0000000003b041d0 code [0x0000000003b04340, 0x0000000003b04588]
Event: 13.117 Thread 0x000000001b784800 2440       3       sun.nio.cs.SingleByte$Encoder::encodeArrayLoop (236 bytes)
Event: 13.119 Thread 0x000000001b784800 nmethod 2440 0x0000000003b0dc10 code [0x0000000003b0e0a0, 0x0000000003b10c28]
Event: 13.123 Thread 0x000000001b784800 2441       3       sun.nio.cs.StreamEncoder::ensureOpen (18 bytes)
Event: 13.123 Thread 0x000000001b784800 nmethod 2441 0x0000000003b03d50 code [0x0000000003b03ec0, 0x0000000003b04108]

GC Heap History (8 events):
Event: 6.058 GC heap before
{Heap before GC invocations=1 (full 0):
 PSYoungGen      total 67072K, used 57856K [0x0000000775580000, 0x000000077a000000, 0x00000007c0000000)
  eden space 57856K, 100% used [0x0000000775580000,0x0000000778e00000,0x0000000778e00000)
  from space 9216K, 0% used [0x0000000779700000,0x0000000779700000,0x000000077a000000)
  to   space 9216K, 0% used [0x0000000778e00000,0x0000000778e00000,0x0000000779700000)
 ParOldGen       total 153088K, used 0K [0x00000006e0000000, 0x00000006e9580000, 0x0000000775580000)
  object space 153088K, 0% used [0x00000006e0000000,0x00000006e0000000,0x00000006e9580000)
 Metaspace       used 11953K, capacity 12072K, committed 12160K, reserved 1060864K
  class space    used 1613K, capacity 1654K, committed 1664K, reserved 1048576K
Event: 6.066 GC heap after
Heap after GC invocations=1 (full 0):
 PSYoungGen      total 67072K, used 7310K [0x0000000775580000, 0x000000077a000000, 0x00000007c0000000)
  eden space 57856K, 0% used [0x0000000775580000,0x0000000775580000,0x0000000778e00000)
  from space 9216K, 79% used [0x0000000778e00000,0x0000000779523bb0,0x0000000779700000)
  to   space 9216K, 0% used [0x0000000779700000,0x0000000779700000,0x000000077a000000)
 ParOldGen       total 153088K, used 80K [0x00000006e0000000, 0x00000006e9580000, 0x0000000775580000)
  object space 153088K, 0% used [0x00000006e0000000,0x00000006e0014010,0x00000006e9580000)
 Metaspace       used 11953K, capacity 12072K, committed 12160K, reserved 1060864K
  class space    used 1613K, capacity 1654K, committed 1664K, reserved 1048576K
}
Event: 8.381 GC heap before
{Heap before GC invocations=2 (full 0):
 PSYoungGen      total 67072K, used 65166K [0x0000000775580000, 0x000000077a000000, 0x00000007c0000000)
  eden space 57856K, 100% used [0x0000000775580000,0x0000000778e00000,0x0000000778e00000)
  from space 9216K, 79% used [0x0000000778e00000,0x0000000779523bb0,0x0000000779700000)
  to   space 9216K, 0% used [0x0000000779700000,0x0000000779700000,0x000000077a000000)
 ParOldGen       total 153088K, used 80K [0x00000006e0000000, 0x00000006e9580000, 0x0000000775580000)
  object space 153088K, 0% used [0x00000006e0000000,0x00000006e0014010,0x00000006e9580000)
 Metaspace       used 19956K, capacity 20728K, committed 20864K, reserved 1067008K
  class space    used 2721K, capacity 2904K, committed 2944K, reserved 1048576K
Event: 8.392 GC heap after
Heap after GC invocations=2 (full 0):
 PSYoungGen      total 67072K, used 9191K [0x0000000775580000, 0x000000077a000000, 0x00000007c0000000)
  eden space 57856K, 0% used [0x0000000775580000,0x0000000775580000,0x0000000778e00000)
  from space 9216K, 99% used [0x0000000779700000,0x0000000779ff9da0,0x000000077a000000)
  to   space 9216K, 0% used [0x0000000778e00000,0x0000000778e00000,0x0000000779700000)
 ParOldGen       total 153088K, used 283K [0x00000006e0000000, 0x00000006e9580000, 0x0000000775580000)
  object space 153088K, 0% used [0x00000006e0000000,0x00000006e0046ea0,0x00000006e9580000)
 Metaspace       used 19956K, capacity 20728K, committed 20864K, reserved 1067008K
  class space    used 2721K, capacity 2904K, committed 2944K, reserved 1048576K
}
Event: 8.437 GC heap before
{Heap before GC invocations=3 (full 0):
 PSYoungGen      total 67072K, used 13168K [0x0000000775580000, 0x000000077a000000, 0x00000007c0000000)
  eden space 57856K, 6% used [0x0000000775580000,0x0000000775962360,0x0000000778e00000)
  from space 9216K, 99% used [0x0000000779700000,0x0000000779ff9da0,0x000000077a000000)
  to   space 9216K, 0% used [0x0000000778e00000,0x0000000778e00000,0x0000000779700000)
 ParOldGen       total 153088K, used 283K [0x00000006e0000000, 0x00000006e9580000, 0x0000000775580000)
  object space 153088K, 0% used [0x00000006e0000000,0x00000006e0046ea0,0x00000006e9580000)
 Metaspace       used 20407K, capacity 21112K, committed 21248K, reserved 1067008K
  class space    used 2787K, capacity 2968K, committed 3072K, reserved 1048576K
Event: 8.444 GC heap after
Heap after GC invocations=3 (full 0):
 PSYoungGen      total 67072K, used 6297K [0x0000000775580000, 0x000000077d880000, 0x00000007c0000000)
  eden space 57856K, 0% used [0x0000000775580000,0x0000000775580000,0x0000000778e00000)
  from space 9216K, 68% used [0x0000000778e00000,0x00000007794264a0,0x0000000779700000)
  to   space 9216K, 0% used [0x000000077cf80000,0x000000077cf80000,0x000000077d880000)
 ParOldGen       total 153088K, used 291K [0x00000006e0000000, 0x00000006e9580000, 0x0000000775580000)
  object space 153088K, 0% used [0x00000006e0000000,0x00000006e0048ea0,0x00000006e9580000)
 Metaspace       used 20407K, capacity 21112K, committed 21248K, reserved 1067008K
  class space    used 2787K, capacity 2968K, committed 3072K, reserved 1048576K
}
Event: 8.444 GC heap before
{Heap before GC invocations=4 (full 1):
 PSYoungGen      total 67072K, used 6297K [0x0000000775580000, 0x000000077d880000, 0x00000007c0000000)
  eden space 57856K, 0% used [0x0000000775580000,0x0000000775580000,0x0000000778e00000)
  from space 9216K, 68% used [0x0000000778e00000,0x00000007794264a0,0x0000000779700000)
  to   space 9216K, 0% used [0x000000077cf80000,0x000000077cf80000,0x000000077d880000)
 ParOldGen       total 153088K, used 291K [0x00000006e0000000, 0x00000006e9580000, 0x0000000775580000)
  object space 153088K, 0% used [0x00000006e0000000,0x00000006e0048ea0,0x00000006e9580000)
 Metaspace       used 20407K, capacity 21112K, committed 21248K, reserved 1067008K
  class space    used 2787K, capacity 2968K, committed 3072K, reserved 1048576K
Event: 8.483 GC heap after
Heap after GC invocations=4 (full 1):
 PSYoungGen      total 67072K, used 0K [0x0000000775580000, 0x000000077d880000, 0x00000007c0000000)
  eden space 57856K, 0% used [0x0000000775580000,0x0000000775580000,0x0000000778e00000)
  from space 9216K, 0% used [0x0000000778e00000,0x0000000778e00000,0x0000000779700000)
  to   space 9216K, 0% used [0x000000077cf80000,0x000000077cf80000,0x000000077d880000)
 ParOldGen       total 70144K, used 6252K [0x00000006e0000000, 0x00000006e4480000, 0x0000000775580000)
  object space 70144K, 8% used [0x00000006e0000000,0x00000006e061b1e8,0x00000006e4480000)
 Metaspace       used 20407K, capacity 21112K, committed 21248K, reserved 1067008K
  class space    used 2787K, capacity 2968K, committed 3072K, reserved 1048576K
}

Deoptimization events (10 events):
Event: 10.536 Thread 0x000000001dd84800 Uncommon trap: reason=class_check action=maybe_recompile pc=0x0000000003957c18 method=org.openqa.selenium.json.Input.init()V @ 18
Event: 10.536 Thread 0x000000001dd84800 Uncommon trap: reason=class_check action=maybe_recompile pc=0x0000000003957c18 method=org.openqa.selenium.json.Input.init()V @ 18
Event: 10.536 Thread 0x000000001dd84800 Uncommon trap: reason=class_check action=maybe_recompile pc=0x0000000003957c18 method=org.openqa.selenium.json.Input.init()V @ 18
Event: 12.893 Thread 0x000000001dd84800 Uncommon trap: reason=bimorphic action=maybe_recompile pc=0x0000000003576a60 method=java.util.regex.Matcher.search(I)Z @ 86
Event: 12.893 Thread 0x000000001dd84800 Uncommon trap: reason=bimorphic action=maybe_recompile pc=0x0000000003576a60 method=java.util.regex.Matcher.search(I)Z @ 86
Event: 12.894 Thread 0x000000001dd84800 Uncommon trap: reason=bimorphic action=maybe_recompile pc=0x0000000003576a60 method=java.util.regex.Matcher.search(I)Z @ 86
Event: 12.894 Thread 0x000000001dd84800 Uncommon trap: reason=bimorphic action=maybe_recompile pc=0x0000000003576a60 method=java.util.regex.Matcher.search(I)Z @ 86
Event: 12.914 Thread 0x000000001dd84800 Uncommon trap: reason=unstable_if action=reinterpret pc=0x00000000037081b0 method=java.lang.Character.isHighSurrogate(C)Z @ 3
Event: 12.914 Thread 0x000000001dd84800 Uncommon trap: reason=unstable_if action=reinterpret pc=0x00000000036f531c method=java.lang.Character.isHighSurrogate(C)Z @ 3
Event: 13.075 Thread 0x000000001dd84800 Uncommon trap: reason=unstable_if action=reinterpret pc=0x00000000035729f0 method=sun.nio.cs.SingleByte$Encoder.encode(C)I @ 13

Classes redefined (0 events):
No events

Internal exceptions (10 events):
Event: 12.988 Thread 0x000000001dd84800 Exception <a 'java/lang/ClassNotFoundException': com/aventstack/extentreports/model/TestAttributeCustomizer> (0x0000000778505e08) thrown at [C:\re\workspace\8-2-build-windows-amd64-cygwin\jdk8u231\13620\hotspot\src\share\vm\classfile\systemDictionary.cpp,
Event: 12.989 Thread 0x000000001dd84800 Exception <a 'java/lang/ClassNotFoundException': com/aventstack/extentreports/model/CategoryCustomizer> (0x0000000778531430) thrown at [C:\re\workspace\8-2-build-windows-amd64-cygwin\jdk8u231\13620\hotspot\src\share\vm\classfile\systemDictionary.cpp, line
Event: 12.993 Thread 0x000000001dd84800 Exception <a 'java/lang/ClassNotFoundException': com/aventstack/extentreports/model/LogBeanInfo> (0x0000000778566d90) thrown at [C:\re\workspace\8-2-build-windows-amd64-cygwin\jdk8u231\13620\hotspot\src\share\vm\classfile\systemDictionary.cpp, line 210]
Event: 12.996 Thread 0x000000001dd84800 Exception <a 'java/lang/ClassNotFoundException': com/aventstack/extentreports/model/LogCustomizer> (0x0000000778585500) thrown at [C:\re\workspace\8-2-build-windows-amd64-cygwin\jdk8u231\13620\hotspot\src\share\vm\classfile\systemDictionary.cpp, line 210]
Event: 13.043 Thread 0x000000001dd84800 Exception <a 'java/lang/ClassNotFoundException': com/aventstack/extentreports/model/ExceptionTestContextBeanInfo> (0x0000000778715740) thrown at [C:\re\workspace\8-2-build-windows-amd64-cygwin\jdk8u231\13620\hotspot\src\share\vm\classfile\systemDictionary
Event: 13.043 Thread 0x000000001dd84800 Exception <a 'java/lang/ClassNotFoundException': com/aventstack/extentreports/model/ExceptionTestContextCustomizer> (0x0000000778739a68) thrown at [C:\re\workspace\8-2-build-windows-amd64-cygwin\jdk8u231\13620\hotspot\src\share\vm\classfile\systemDictiona
Event: 13.046 Thread 0x000000001dd84800 Exception <a 'java/lang/ClassNotFoundException': com/aventstack/extentreports/model/ExceptionInfoBeanInfo> (0x0000000778766938) thrown at [C:\re\workspace\8-2-build-windows-amd64-cygwin\jdk8u231\13620\hotspot\src\share\vm\classfile\systemDictionary.cpp, l
Event: 13.046 Thread 0x000000001dd84800 Exception <a 'java/lang/ClassNotFoundException': com/aventstack/extentreports/model/ExceptionInfoCustomizer> (0x0000000778787c38) thrown at [C:\re\workspace\8-2-build-windows-amd64-cygwin\jdk8u231\13620\hotspot\src\share\vm\classfile\systemDictionary.cpp,
Event: 13.060 Thread 0x000000001dd84800 Exception <a 'java/lang/ClassNotFoundException': com/aventstack/extentreports/model/SystemAttributeBeanInfo> (0x00000007788146d8) thrown at [C:\re\workspace\8-2-build-windows-amd64-cygwin\jdk8u231\13620\hotspot\src\share\vm\classfile\systemDictionary.cpp,
Event: 13.061 Thread 0x000000001dd84800 Exception <a 'java/lang/ClassNotFoundException': com/aventstack/extentreports/model/SystemAttributeCustomizer> (0x0000000778837050) thrown at [C:\re\workspace\8-2-build-windows-amd64-cygwin\jdk8u231\13620\hotspot\src\share\vm\classfile\systemDictionary.cp

Events (10 events):
Event: 13.061 loading class com/aventstack/extentreports/model/SystemAttributeCustomizer done
Event: 13.067 loading class com/aventstack/extentreports/utils/Writer
Event: 13.067 loading class com/aventstack/extentreports/utils/Writer done
Event: 13.068 loading class com/aventstack/extentreports/utils/Writer$WriterInstance
Event: 13.068 loading class com/aventstack/extentreports/utils/Writer$WriterInstance done
Event: 13.075 Thread 0x000000001dd84800 Uncommon trap: trap_request=0xffffff65 fr.pc=0x00000000035729f0
Event: 13.075 Thread 0x000000001dd84800 DEOPT PACKING pc=0x00000000035729f0 sp=0x000000001f4dcb30
Event: 13.075 Thread 0x000000001dd84800 DEOPT UNPACKING pc=0x000000000339557b sp=0x000000001f4dcac8 mode 2
Event: 13.115 loading class java/lang/Throwable$WrappedPrintStream
Event: 13.115 loading class java/lang/Throwable$WrappedPrintStream done


Dynamic libraries:
0x00007ff78d130000 - 0x00007ff78d167000 	C:\Program Files\Java\jre1.8.0_231\bin\javaw.exe
0x00007ffdde920000 - 0x00007ffddeb0d000 	C:\WINDOWS\SYSTEM32\ntdll.dll
0x00007ffddc2b0000 - 0x00007ffddc363000 	C:\WINDOWS\System32\KERNEL32.DLL
0x00007ffddb3e0000 - 0x00007ffddb673000 	C:\WINDOWS\System32\KERNELBASE.dll
0x00007ffddc6f0000 - 0x00007ffddc793000 	C:\WINDOWS\System32\ADVAPI32.dll
0x00007ffddc7a0000 - 0x00007ffddc83e000 	C:\WINDOWS\System32\msvcrt.dll
0x00007ffddc5d0000 - 0x00007ffddc66e000 	C:\WINDOWS\System32\sechost.dll
0x00007ffddbb40000 - 0x00007ffddbc62000 	C:\WINDOWS\System32\RPCRT4.dll
0x00007ffddcc70000 - 0x00007ffddce07000 	C:\WINDOWS\System32\USER32.dll
0x00007ffdda9e0000 - 0x00007ffddaa00000 	C:\WINDOWS\System32\win32u.dll
0x00007ffddcbe0000 - 0x00007ffddcc09000 	C:\WINDOWS\System32\GDI32.dll
0x00007ffddb680000 - 0x00007ffddb819000 	C:\WINDOWS\System32\gdi32full.dll
0x00007ffddbaa0000 - 0x00007ffddbb40000 	C:\WINDOWS\System32\msvcp_win.dll
0x00007ffddaae0000 - 0x00007ffddabda000 	C:\WINDOWS\System32\ucrtbase.dll
0x00007ffdccc80000 - 0x00007ffdccef9000 	C:\WINDOWS\WinSxS\amd64_microsoft.windows.common-controls_6595b64144ccf1df_6.0.17763.973_none_05b245900721eb81\COMCTL32.dll
0x00007ffddc850000 - 0x00007ffddcb7c000 	C:\WINDOWS\System32\combase.dll
0x00007ffddba00000 - 0x00007ffddba7e000 	C:\WINDOWS\System32\bcryptPrimitives.dll
0x00007ffddc0d0000 - 0x00007ffddc0fe000 	C:\WINDOWS\System32\IMM32.DLL
0x0000000002e80000 - 0x0000000002e91000 	C:\WINDOWS\System32\umppc10504.dll
0x000000005ea00000 - 0x000000005ead2000 	C:\Program Files\Java\jre1.8.0_231\bin\msvcr100.dll
0x000000005e150000 - 0x000000005e9f6000 	C:\Program Files\Java\jre1.8.0_231\bin\server\jvm.dll
0x00007ffddc6e0000 - 0x00007ffddc6e8000 	C:\WINDOWS\System32\PSAPI.DLL
0x00007ffdbde20000 - 0x00007ffdbde29000 	C:\WINDOWS\SYSTEM32\WSOCK32.dll
0x00007ffddc670000 - 0x00007ffddc6dd000 	C:\WINDOWS\System32\WS2_32.dll
0x00007ffdd8950000 - 0x00007ffdd8974000 	C:\WINDOWS\SYSTEM32\WINMM.dll
0x00007ffdd2820000 - 0x00007ffdd282a000 	C:\WINDOWS\SYSTEM32\VERSION.dll
0x00007ffdd8900000 - 0x00007ffdd892d000 	C:\WINDOWS\SYSTEM32\WINMMBASE.dll
0x00007ffddaa60000 - 0x00007ffddaaaa000 	C:\WINDOWS\System32\cfgmgr32.dll
0x00007ffdd6ff0000 - 0x00007ffdd6fff000 	C:\Program Files\Java\jre1.8.0_231\bin\verify.dll
0x00007ffdcb6d0000 - 0x00007ffdcb6f9000 	C:\Program Files\Java\jre1.8.0_231\bin\java.dll
0x00007ffdd6fc0000 - 0x00007ffdd6fd6000 	C:\Program Files\Java\jre1.8.0_231\bin\zip.dll
0x00007ffddd3f0000 - 0x00007ffdde8e4000 	C:\WINDOWS\System32\SHELL32.dll
0x00007ffddbd40000 - 0x00007ffddbde8000 	C:\WINDOWS\System32\shcore.dll
0x00007ffddabe0000 - 0x00007ffddb32d000 	C:\WINDOWS\System32\windows.storage.dll
0x00007ffdda930000 - 0x00007ffdda954000 	C:\WINDOWS\System32\profapi.dll
0x00007ffdda960000 - 0x00007ffdda9bd000 	C:\WINDOWS\System32\powrprof.dll
0x00007ffddbff0000 - 0x00007ffddc042000 	C:\WINDOWS\System32\shlwapi.dll
0x00007ffdda910000 - 0x00007ffdda921000 	C:\WINDOWS\System32\kernel.appcore.dll
0x00007ffddba80000 - 0x00007ffddba97000 	C:\WINDOWS\System32\cryptsp.dll
0x00007ffdcb6b0000 - 0x00007ffdcb6ca000 	C:\Program Files\Java\jre1.8.0_231\bin\net.dll
0x00007ffdda120000 - 0x00007ffdda187000 	C:\WINDOWS\system32\mswsock.dll
0x00007ffdd9e80000 - 0x00007ffdd9f46000 	C:\WINDOWS\SYSTEM32\DNSAPI.dll
0x00007ffddc840000 - 0x00007ffddc848000 	C:\WINDOWS\System32\NSI.dll
0x00007ffdd9e40000 - 0x00007ffdd9e7d000 	C:\WINDOWS\SYSTEM32\IPHLPAPI.DLL
0x00007ffdd2bc0000 - 0x00007ffdd2bca000 	C:\Windows\System32\rasadhlp.dll
0x00007ffdd4d90000 - 0x00007ffdd4e09000 	C:\WINDOWS\System32\fwpuclnt.dll
0x00007ffddaab0000 - 0x00007ffddaad6000 	C:\WINDOWS\System32\bcrypt.dll
0x00007ffdd9a40000 - 0x00007ffdd9a73000 	C:\WINDOWS\system32\rsaenh.dll
0x00007ffdda840000 - 0x00007ffdda868000 	C:\WINDOWS\SYSTEM32\USERENV.dll
0x00007ffdda2f0000 - 0x00007ffdda2fc000 	C:\WINDOWS\SYSTEM32\CRYPTBASE.dll
0x00007ffdd46c0000 - 0x00007ffdd46d6000 	C:\WINDOWS\SYSTEM32\dhcpcsvc6.DLL
0x00007ffdd4640000 - 0x00007ffdd465c000 	C:\WINDOWS\SYSTEM32\dhcpcsvc.DLL
0x00007ffdc8470000 - 0x00007ffdc8482000 	C:\Program Files\Java\jre1.8.0_231\bin\nio.dll
0x00007ffdc8440000 - 0x00007ffdc8464000 	C:\Program Files\Java\jre1.8.0_231\bin\sunec.dll
0x00007ffdd6fa0000 - 0x00007ffdd6fab000 	C:\Program Files\Java\jre1.8.0_231\bin\sunmscapi.dll
0x00007ffddb820000 - 0x00007ffddb9fc000 	C:\WINDOWS\System32\CRYPT32.dll
0x00007ffdda9c0000 - 0x00007ffdda9d2000 	C:\WINDOWS\System32\MSASN1.dll
0x00007ffdcefb0000 - 0x00007ffdcefc6000 	C:\WINDOWS\system32\napinsp.dll
0x00007ffdcefd0000 - 0x00007ffdcefea000 	C:\WINDOWS\system32\pnrpnsp.dll
0x00007ffdcf000000 - 0x00007ffdcf00e000 	C:\WINDOWS\System32\winrnr.dll
0x00007ffdd6f00000 - 0x00007ffdd6f1b000 	C:\WINDOWS\system32\NLAapi.dll
0x00007ffdcf140000 - 0x00007ffdcf155000 	C:\WINDOWS\system32\wshbth.dll

VM Arguments:
jvm_args: -ea -Dfile.encoding=Cp1252 
java_command: org.testng.remote.RemoteTestNG -serport 59150 -protocol json -d C:\Users\-sysop-sup4ly-z\eclipse-workspace\IntelieLIveTestAutomationFramework\test-output C:\Users\-sysop-sup4ly-z\eclipse-workspace\IntelieLIveTestAutomationFramework\testng.xml
java_class_path (initial): F:\eclipse-java-oxygen-3a-win32-x86_64\eclipse\configuration\org.eclipse.osgi\514\0\.cp\lib\testng-remote.jar;C:\Program Files\Java\jre1.8.0_231\lib\resources.jar;C:\Program Files\Java\jre1.8.0_231\lib\rt.jar;C:\Program Files\Java\jre1.8.0_231\lib\jsse.jar;C:\Program Files\Java\jre1.8.0_231\lib\jce.jar;C:\Program Files\Java\jre1.8.0_231\lib\charsets.jar;C:\Program Files\Java\jre1.8.0_231\lib\jfr.jar;C:\Program Files\Java\jre1.8.0_231\lib\ext\access-bridge-64.jar;C:\Program Files\Java\jre1.8.0_231\lib\ext\cldrdata.jar;C:\Program Files\Java\jre1.8.0_231\lib\ext\dnsns.jar;C:\Program Files\Java\jre1.8.0_231\lib\ext\jaccess.jar;C:\Program Files\Java\jre1.8.0_231\lib\ext\jfxrt.jar;C:\Program Files\Java\jre1.8.0_231\lib\ext\localedata.jar;C:\Program Files\Java\jre1.8.0_231\lib\ext\nashorn.jar;C:\Program Files\Java\jre1.8.0_231\lib\ext\sunec.jar;C:\Program Files\Java\jre1.8.0_231\lib\ext\sunjce_provider.jar;C:\Program Files\Java\jre1.8.0_231\lib\ext\sunmscapi.jar;C:\Program Files\Java\jre1.8.0_231\lib\ext\sunpkcs11.jar;C:\Program Files\Java\jre1.8.0_231\lib\ext\zipfs.jar;C:\Users\-sysop-sup4ly-z\eclipse-workspace\IntelieLIveTestAutomationFramework\target\test-classes;C:\Users\-sysop-sup4ly-z\eclipse-workspace\IntelieLIveTestAutomationFramework\target\classes;F:\eclipse-java-oxygen-3a-win32-x86_64\eclipse\plugins\org.testng_6.14.3.r201802240500.jar;F:\eclipse-java-oxygen-3a-win32-x86_64\eclipse\plugins\com.beust.jcommander_1.72.0.jar;F:\eclipse-java-oxygen-3a-win32-x86_64\eclipse\plugins\org.apache-extras.beanshell.bsh_2.0.0.b6.jar;F:\eclipse-java-oxygen-3a-win32-x86_64\eclipse\plugins\org.yaml.snakeyaml_1.21.0.jar;C:\Users\-sysop-sup4ly-z\.m2\repository\junit\junit\4.12\junit-4.12.jar;C:\Users\-sysop-sup4ly-z\.m2\repository\org\hamcrest\hamcrest-core\1.3\hamcrest-core-1.3.jar;C:\Users\-sysop-sup4ly-z\.m2\repository\org\testng\testng\6.8.8\testng-6.8.8.jar;C:\Users\-sysop-sup4ly-z\.m2\repository\org\beanshell\bsh\2.0b4\bsh-2.0b4.jar;C:\Users\-sys
Launcher Type: SUN_STANDARD

Environment Variables:
JAVA_HOME=C:\Program Files\Java\jdk1.8.0_231; C:\Program Files\Java\jre1.8.0_231
CLASSPATH=C:\Program Files\Java\jdk1.8.0_231\lib
PATH=C:\Program Files (x86)\TRICENTIS\Tosca Testsuite\Classic;C:\Program Files (x86)\TRICENTIS\Tosca Testsuite\Classic;C:\Program Files (x86)\TRICENTIS\Tosca Testsuite\Classic\dll;C:\Program Files (x86)\TRICENTIS\Tosca Testsuite\Classic\dll\GuptaEngine;C:\Program Files (x86)\TRICENTIS\Tosca Testsuite\ToscaCommander;C:\Program Files (x86)\TRICENTIS\Tosca Testsuite\Classic\dll\DelphiEngine;C:\Program Files (x86)\TRICENTIS\Tosca Testsuite\Classic\dll\PBEngine;C:\Program Files (x86)\TRICENTIS\Tosca Testsuite\Classic\dll\VBEngine;C:\Program Files (x86)\TRICENTIS\Tosca Testsuite\Classic\dll\DotNetHooking;;C:\Program Files (x86)\TRICENTIS\Tosca Testsuite\TBox\\Resources\Mobile\Tools;C:\Python27\;C:\Python27\Scripts;C:\Program Files (x86)\TRICENTIS\Tosca Testsuite\Classic;C:\Program Files (x86)\TRICENTIS\Tosca Testsuite\TBox\\Resources\Mobile\Tools;C:\Program Files (x86)\Common Files\Oracle\Java\javapath;C:\WINDOWS\system32;C:\WINDOWS;C:\WINDOWS\System32\Wbem;C:\WINDOWS\System32\WindowsPowerShell\v1.0\;C:\WINDOWS\System32\OpenSSH\;C:\Program Files\nodejs\;C:\ProgramData\chocolatey\bin;C:\Program Files\Java\jdk1.8.0_231\bin;C:\Users\-sysop-sup4ly-z\AppData\Roaming\npm;C:\Users\-sysop-sup4ly-z\AppData\Local\Microsoft\WindowsApps;C:\Users\-sysop-sup4ly-z\AppData\Local\Programs\Microsoft VS Code\bin;
USERNAME=-sysop-sup4ly-z
OS=Windows_NT
PROCESSOR_IDENTIFIER=Intel64 Family 6 Model 85 Stepping 4, GenuineIntel



---------------  S Y S T E M  ---------------

OS: Windows 10.0 , 64 bit Build 17763 (10.0.17763.475)

CPU:total 4 (initial active 4) (4 cores per cpu, 1 threads per core) family 6 model 85 stepping 4, cmov, cx8, fxsr, mmx, sse, sse2, sse3, ssse3, sse4.1, sse4.2, popcnt, avx, avx2, aes, clmul, erms, rtm, 3dnowpref, lzcnt, tsc, bmi1, bmi2, adx

Memory: 4k page, physical 14679604k(826548k free), swap 18349480k(5312k free)

vm_info: Java HotSpot(TM) 64-Bit Server VM (25.231-b11) for windows-amd64 JRE (1.8.0_231-b11), built on Oct  5 2019 03:11:30 by "java_re" with MS VC++ 10.0 (VS2010)

time: Tue Feb 04 10:37:15 2020
timezone: Coordinated Universal Time
elapsed time: 13 seconds (0d 0h 0m 13s)

